<?xml version="1.0" encoding="UTF-8"?>
<!-- Generated by org.testng.reporters.JUnitReportReporter -->
<testsuite skipped="0" hostname="KNOLSKAPE-L95" name="Preparation.PreparationModule1.PDFtestvalidation" tests="2" failures="0" timestamp="28 May 2020 15:01:09 GMT" time="2189.219" errors="0">
  <testcase name="loadPdf" time="2059.455" classname="Preparation.PreparationModule1.PDFtestvalidation"/>
  <testcase name="validateIfEmptyIsPdf" time="129.764" classname="Preparation.PreparationModule1.PDFtestvalidation"/>
</testsuite> <!-- Preparation.PreparationModule1.PDFtestvalidation -->
