<?xml version="1.0" encoding="UTF-8"?>
<!-- Generated by org.testng.reporters.JUnitReportReporter -->
<testsuite skipped="0" hostname="KNOLSKAPE-L95" name="Preparation.PreparationModule1.LoginRequest" tests="1" failures="0" timestamp="25 Feb 2020 06:28:03 GMT" time="17.098" errors="0">
  <testcase name="setupBrowser" time="17.098" classname="Preparation.PreparationModule1.LoginRequest"/>
</testsuite> <!-- Preparation.PreparationModule1.LoginRequest -->
