<?xml version="1.0" encoding="UTF-8"?>
<!-- Generated by org.testng.reporters.JUnitReportReporter -->
<testsuite skipped="0" hostname="KNOLSKAPE-L95" name="com.listners.B" tests="1" failures="0" timestamp="22 May 2020 21:20:04 GMT" time="0.046" errors="0">
  <testcase name="inside" time="0.046" classname="com.listners.B"/>
</testsuite> <!-- com.listners.B -->
